2021-08-19 03:30:52,446 INFO t.BaseTest [main] Драйвер запушен!
2021-08-19 03:30:57,091 INFO p.StartPage [main] Курсор мыши наведен на ссылку "Смартфоны"
2021-08-19 03:31:00,543 INFO p.StartPage [main] Нажата ссылка "Смартфоны"
2021-08-19 03:31:01,407 INFO p.SmartphonesPage [main] Нажата выпадашка "Сортировка"
2021-08-19 03:31:01,664 INFO p.SmartphonesPage [main] Установлена сортировка - "Сначала дорогие"
2021-08-19 03:31:05,142 INFO p.SmartphonesPage [main] Установлен фильтр "Производитель" - Samsung
2021-08-19 03:31:16,113 INFO t.BaseTest [main] Драйвер остановлен!
2021-08-19 03:35:12,582 INFO t.BaseTest [main] Р”СЂР°Р№РІРµСЂ Р·Р°РїСѓС€РµРЅ!
2021-08-19 03:36:11,445 INFO p.StartPage [main] РљСѓСЂСЃРѕСЂ РјС‹С€Рё РЅР°РІРµРґРµРЅ РЅР° СЃСЃС‹Р»РєСѓ "РЎРјР°СЂС‚С„РѕРЅС‹"
2021-08-19 03:36:40,421 INFO p.StartPage [main] РќР°Р¶Р°С‚Р° СЃСЃС‹Р»РєР° "РЎРјР°СЂС‚С„РѕРЅС‹"
2021-08-19 03:37:17,757 INFO p.SmartphonesPage [main] РќР°Р¶Р°С‚Р° РІС‹РїР°РґР°С€РєР° "РЎРѕСЂС‚РёСЂРѕРІРєР°"
2021-08-19 03:37:22,955 INFO p.SmartphonesPage [main] РЈСЃС‚Р°РЅРѕРІР»РµРЅР° СЃРѕСЂС‚РёСЂРѕРІРєР° - "РЎРЅР°С‡Р°Р»Р° РґРѕСЂРѕРіРёРµ"
2021-08-19 03:38:29,145 INFO p.SmartphonesPage [main] РЈСЃС‚Р°РЅРѕРІР»РµРЅ С„РёР»СЊС‚СЂ "РџСЂРѕРёР·РІРѕРґРёС‚РµР»СЊ" - Samsung
2021-08-19 03:38:52,009 INFO t.BaseTest [main] Р”СЂР°Р№РІРµСЂ РѕСЃС‚Р°РЅРѕРІР»РµРЅ!
2021-08-19 03:40:06,004 INFO t.BaseTest [main] Драйвер запушен!
2021-08-19 03:40:09,354 INFO p.StartPage [main] Курсор мыши наведен на ссылку "Смартфоны"
2021-08-19 03:40:12,284 INFO p.StartPage [main] Нажата ссылка "Смартфоны"
2021-08-19 03:40:12,705 INFO p.SmartphonesPage [main] Нажата выпадашка "Сортировка"
2021-08-19 03:40:12,923 INFO p.SmartphonesPage [main] Установлена сортировка - "Сначала дорогие"
2021-08-19 03:40:15,649 INFO p.SmartphonesPage [main] Установлен фильтр "Производитель" - Samsung
2021-08-19 03:40:26,489 INFO t.BaseTest [main] Драйвер остановлен!
2021-08-19 03:48:28,800 INFO t.BaseTest [main] Драйвер запушен!
2021-08-19 03:48:32,241 INFO p.StartPage [main] Курсор мыши наведен на ссылку "Смартфоны"
2021-08-19 03:48:35,234 INFO p.StartPage [main] Нажата ссылка "Смартфоны"
2021-08-19 03:48:35,615 INFO p.SmartphonesPage [main] Нажата выпадашка "Сортировка"
2021-08-19 03:48:35,842 INFO p.SmartphonesPage [main] Установлена сортировка - "Сначала дорогие"
2021-08-19 03:48:38,465 INFO p.SmartphonesPage [main] Установлен фильтр "Производитель" - Samsung
2021-08-19 03:48:49,258 INFO t.BaseTest [main] Драйвер остановлен!
2021-08-19 03:56:12,009 INFO t.BaseTest [main] Драйвер стартовал!
2021-08-19 03:56:16,367 INFO p.StartPage [main] Курсор мыши наведен на ссылку "Смартфоны"
2021-08-19 03:56:58,059 INFO p.StartPage [main] Нажата ссылка "Смартфоны"
2021-08-19 03:59:50,394 INFO t.BaseTest [main] Драйвер стартовал!
2021-08-19 03:59:54,377 INFO p.StartPage [main] Курсор мыши наведен на ссылку "Смартфоны"
2021-08-19 03:59:57,736 INFO p.StartPage [main] Нажата ссылка "Смартфоны"
2021-08-19 03:59:58,058 INFO p.SmartphonesPage [main] Нажата выпадашка "Сортировка"
2021-08-19 03:59:58,303 INFO p.SmartphonesPage [main] Установлена сортировка - "Сначала дорогие"
2021-08-19 04:00:01,106 INFO p.SmartphonesPage [main] Установлен фильтр "Производитель" - Samsung
2021-08-19 04:00:11,874 INFO t.BaseTest [main] Драйвер остановлен!
2021-08-19 04:02:35,676 INFO t.BaseTest [main] Драйвер стартовал!
2021-08-19 04:02:40,864 INFO p.StartPage [main] Курсор мыши наведен на ссылку "Смартфоны"
2021-08-19 04:03:34,320 INFO t.BaseTest [main] Р”СЂР°Р№РІРµСЂ СЃС‚Р°СЂС‚РѕРІР°Р»!
2021-08-19 04:03:38,714 INFO p.StartPage [main] РљСѓСЂСЃРѕСЂ РјС‹С€Рё РЅР°РІРµРґРµРЅ РЅР° СЃСЃС‹Р»РєСѓ "РЎРјР°СЂС‚С„РѕРЅС‹"
2021-08-19 04:03:41,587 INFO p.StartPage [main] РќР°Р¶Р°С‚Р° СЃСЃС‹Р»РєР° "РЎРјР°СЂС‚С„РѕРЅС‹"
2021-08-19 04:03:41,837 INFO p.SmartphonesPage [main] РќР°Р¶Р°С‚Р° РІС‹РїР°РґР°С€РєР° "РЎРѕСЂС‚РёСЂРѕРІРєР°"
2021-08-19 04:04:04,663 INFO p.SmartphonesPage [main] РЈСЃС‚Р°РЅРѕРІР»РµРЅР° СЃРѕСЂС‚РёСЂРѕРІРєР° - "РЎРЅР°С‡Р°Р»Р° РґРѕСЂРѕРіРёРµ"
2021-08-19 04:04:35,330 INFO p.SmartphonesPage [main] РЈСЃС‚Р°РЅРѕРІР»РµРЅ С„РёР»СЊС‚СЂ "РџСЂРѕРёР·РІРѕРґРёС‚РµР»СЊ" - Samsung
2021-08-19 04:08:22,370 INFO t.BaseTest [main] Драйвер стартовал!
2021-08-19 04:08:25,815 INFO p.StartPage [main] Курсор мыши наведен на ссылку "Смартфоны"
2021-08-19 04:08:28,831 INFO p.StartPage [main] Нажата ссылка "Смартфоны"
2021-08-19 04:08:29,028 INFO p.SmartphonesPage [main] Нажата выпадашка "Сортировка"
2021-08-19 04:08:29,211 INFO p.SmartphonesPage [main] Установлена сортировка - "Сначала дорогие"
2021-08-19 04:08:32,178 INFO p.SmartphonesPage [main] Установлен фильтр "Производитель" - Samsung
2021-08-19 04:08:42,883 INFO t.BaseTest [main] Драйвер остановлен!
2021-08-19 04:10:54,401 INFO t.BaseTest [main] Р”СЂР°Р№РІРµСЂ СЃС‚Р°СЂС‚РѕРІР°Р»!
2021-08-19 04:10:58,428 INFO p.StartPage [main] РљСѓСЂСЃРѕСЂ РјС‹С€Рё РЅР°РІРµРґРµРЅ РЅР° СЃСЃС‹Р»РєСѓ "РЎРјР°СЂС‚С„РѕРЅС‹"
2021-08-19 04:11:00,953 INFO p.StartPage [main] РќР°Р¶Р°С‚Р° СЃСЃС‹Р»РєР° "РЎРјР°СЂС‚С„РѕРЅС‹"
2021-08-19 04:11:01,870 INFO p.SmartphonesPage [main] РќР°Р¶Р°С‚Р° РІС‹РїР°РґР°С€РєР° "РЎРѕСЂС‚РёСЂРѕРІРєР°"
2021-08-19 04:11:10,589 INFO p.SmartphonesPage [main] РЈСЃС‚Р°РЅРѕРІР»РµРЅР° СЃРѕСЂС‚РёСЂРѕРІРєР° - "РЎРЅР°С‡Р°Р»Р° РґРѕСЂРѕРіРёРµ"
2021-08-19 04:11:29,143 INFO p.SmartphonesPage [main] РЈСЃС‚Р°РЅРѕРІР»РµРЅ С„РёР»СЊС‚СЂ "РџСЂРѕРёР·РІРѕРґРёС‚РµР»СЊ" - Samsung
2021-08-19 04:11:58,350 INFO p.SmartphonesPage [main] РћС‚РѕР±СЂР°Р¶РµРЅС‹ Р·РЅР°С‡РµРЅРёСЏ С„РёР»СЊС‚СЂР° "РћР±СЉРµРј РѕРїРµСЂР°С‚РёРІРЅРѕР№ РїР°РјСЏС‚Рё"
2021-08-19 04:12:16,052 INFO p.SmartphonesPage [main] РЈСЃС‚Р°РЅРѕРІР»РµРЅ С„РёР»СЊС‚СЂ "РћР±СЉРµРј РѕРїРµСЂР°С‚РёРІРЅРѕР№ РїР°РјСЏС‚Рё" - 8 Р“Р±
2021-08-19 04:12:25,891 INFO p.SmartphonesPage [main] РќР°Р¶Р°С‚Р° РєРЅРѕРїРєР° "РџСЂРёРјРµРЅРёС‚СЊ"
2021-08-19 04:13:03,579 INFO p.SmartphonesPage [main] РќР°Р¶Р°С‚Р° СЃСЃС‹Р»РєР° РїРµСЂРІРѕРіРѕ РїСЂРѕРґСѓРєС‚Р° РІ СЃРїРёСЃРєРµ
2021-08-19 04:13:16,067 INFO p.SmartphoneProductPage [main] Р—Р°РіРѕР»РѕРІРѕРє СЃС‚СЂР°РЅРёС†С‹: РљСѓРїРёС‚СЊ 6.7" РЎРјР°СЂС‚С„РѕРЅ Samsung Galaxy Z Flip3 256 Р“Р‘ Р±РµР¶РµРІС‹Р№ РІ РёРЅС‚РµСЂРЅРµС‚ РјР°РіР°Р·РёРЅРµ DNS. РҐР°СЂР°РєС‚РµСЂРёСЃС‚РёРєРё, С†РµРЅР° Samsung Galaxy Z Flip3 | 4845670
2021-08-19 04:13:18,938 INFO t.BaseTest [main] Р”СЂР°Р№РІРµСЂ РѕСЃС‚Р°РЅРѕРІР»РµРЅ!
2021-08-19 04:13:43,356 INFO t.BaseTest [main] Драйвер стартовал!
2021-08-19 04:13:47,637 INFO p.StartPage [main] Курсор мыши наведен на ссылку "Смартфоны"
2021-08-19 04:13:50,471 INFO p.StartPage [main] Нажата ссылка "Смартфоны"
2021-08-19 04:13:50,701 INFO p.SmartphonesPage [main] Нажата выпадашка "Сортировка"
2021-08-19 04:13:50,912 INFO p.SmartphonesPage [main] Установлена сортировка - "Сначала дорогие"
2021-08-19 04:14:00,771 INFO p.SmartphonesPage [main] Установлен фильтр "Производитель" - Samsung
2021-08-19 04:14:01,065 INFO p.SmartphonesPage [main] Отображены значения фильтра "Объем оперативной памяти"
2021-08-19 04:14:01,350 INFO p.SmartphonesPage [main] Установлен фильтр "Объем оперативной памяти" - 8 Гб
2021-08-19 04:14:01,728 INFO p.SmartphonesPage [main] Нажата кнопка "Применить"
2021-08-19 04:14:07,535 INFO p.SmartphonesPage [main] Нажата ссылка первого продукта в списке
2021-08-19 04:14:07,549 INFO p.SmartphoneProductPage [main] Заголовок страницы: Купить 6.7" Смартфон Samsung Galaxy Z Flip3 256 ГБ бежевый в интернет магазине DNS. Характеристики, цена Samsung Galaxy Z Flip3 | 4845670
2021-08-19 04:14:08,340 INFO t.BaseTest [main] Драйвер остановлен!
2021-08-19 04:14:47,136 INFO t.BaseTest [main] Драйвер стартовал!
2021-08-19 04:14:50,991 INFO p.StartPage [main] Курсор мыши наведен на ссылку "Смартфоны"
2021-08-19 04:14:53,838 INFO p.StartPage [main] Нажата ссылка "Смартфоны"
2021-08-19 04:14:54,044 INFO p.SmartphonesPage [main] Нажата выпадашка "Сортировка"
2021-08-19 04:14:54,241 INFO p.SmartphonesPage [main] Установлена сортировка - "Сначала дорогие"
2021-08-19 04:15:00,498 INFO p.SmartphonesPage [main] Установлен фильтр "Производитель" - Samsung
2021-08-19 04:15:00,840 INFO p.SmartphonesPage [main] Отображены значения фильтра "Объем оперативной памяти"
2021-08-19 04:15:01,192 INFO p.SmartphonesPage [main] Установлен фильтр "Объем оперативной памяти" - 8 Гб
2021-08-19 04:15:01,520 INFO p.SmartphonesPage [main] Нажата кнопка "Применить"
2021-08-19 04:15:02,607 INFO t.BaseTest [main] Драйвер остановлен!
2021-08-19 04:17:46,124 INFO t.BaseTest [main] Драйвер стартовал!
2021-08-19 04:17:50,820 INFO p.StartPage [main] Курсор мыши наведен на ссылку "Смартфоны"
2021-08-19 04:17:53,624 INFO p.StartPage [main] Нажата ссылка "Смартфоны"
2021-08-19 04:17:53,992 INFO p.SmartphonesPage [main] Нажата выпадашка "Сортировка"
2021-08-19 04:17:54,234 INFO p.SmartphonesPage [main] Установлена сортировка - "Сначала дорогие"
2021-08-19 04:17:57,354 INFO p.SmartphonesPage [main] Установлен фильтр "Производитель" - Samsung
2021-08-19 04:17:57,556 INFO p.SmartphonesPage [main] Отображены значения фильтра "Объем оперативной памяти"
2021-08-19 04:17:57,968 INFO p.SmartphonesPage [main] Установлен фильтр "Объем оперативной памяти" - 8 Гб
2021-08-19 04:17:58,341 INFO p.SmartphonesPage [main] Нажата кнопка "Применить"
2021-08-19 04:18:04,506 INFO p.SmartphonesPage [main] Нажата ссылка первого продукта в списке
2021-08-19 04:18:04,518 INFO p.SmartphoneProductPage [main] Заголовок страницы: Купить 6.7" Смартфон Samsung Galaxy Z Flip3 256 ГБ бежевый в интернет магазине DNS. Характеристики, цена Samsung Galaxy Z Flip3 | 4845670
2021-08-19 04:18:05,313 INFO t.BaseTest [main] Драйвер остановлен!
2021-08-19 04:18:22,127 INFO t.BaseTest [main] Р”СЂР°Р№РІРµСЂ СЃС‚Р°СЂС‚РѕРІР°Р»!
2021-08-19 04:18:25,661 INFO p.StartPage [main] РљСѓСЂСЃРѕСЂ РјС‹С€Рё РЅР°РІРµРґРµРЅ РЅР° СЃСЃС‹Р»РєСѓ "РЎРјР°СЂС‚С„РѕРЅС‹"
2021-08-19 04:18:28,571 INFO p.StartPage [main] РќР°Р¶Р°С‚Р° СЃСЃС‹Р»РєР° "РЎРјР°СЂС‚С„РѕРЅС‹"
2021-08-19 04:18:28,792 INFO p.SmartphonesPage [main] РќР°Р¶Р°С‚Р° РІС‹РїР°РґР°С€РєР° "РЎРѕСЂС‚РёСЂРѕРІРєР°"
2021-08-19 04:18:31,974 INFO p.SmartphonesPage [main] РЈСЃС‚Р°РЅРѕРІР»РµРЅР° СЃРѕСЂС‚РёСЂРѕРІРєР° - "РЎРЅР°С‡Р°Р»Р° РґРѕСЂРѕРіРёРµ"
2021-08-19 04:19:14,174 INFO t.BaseTest [main] Р”СЂР°Р№РІРµСЂ СЃС‚Р°СЂС‚РѕРІР°Р»!
2021-08-19 04:19:18,477 INFO p.StartPage [main] РљСѓСЂСЃРѕСЂ РјС‹С€Рё РЅР°РІРµРґРµРЅ РЅР° СЃСЃС‹Р»РєСѓ "РЎРјР°СЂС‚С„РѕРЅС‹"
2021-08-19 04:19:21,330 INFO p.StartPage [main] РќР°Р¶Р°С‚Р° СЃСЃС‹Р»РєР° "РЎРјР°СЂС‚С„РѕРЅС‹"
2021-08-19 04:19:21,546 INFO p.SmartphonesPage [main] РќР°Р¶Р°С‚Р° РІС‹РїР°РґР°С€РєР° "РЎРѕСЂС‚РёСЂРѕРІРєР°"
2021-08-19 04:19:25,574 INFO p.SmartphonesPage [main] РЈСЃС‚Р°РЅРѕРІР»РµРЅР° СЃРѕСЂС‚РёСЂРѕРІРєР° - "РЎРЅР°С‡Р°Р»Р° РґРѕСЂРѕРіРёРµ"
2021-08-19 04:19:58,240 INFO t.BaseTest [main] Р”СЂР°Р№РІРµСЂ СЃС‚Р°СЂС‚РѕРІР°Р»!
2021-08-19 04:20:02,325 INFO p.StartPage [main] РљСѓСЂСЃРѕСЂ РјС‹С€Рё РЅР°РІРµРґРµРЅ РЅР° СЃСЃС‹Р»РєСѓ "РЎРјР°СЂС‚С„РѕРЅС‹"
2021-08-19 04:20:11,412 INFO p.StartPage [main] РќР°Р¶Р°С‚Р° СЃСЃС‹Р»РєР° "РЎРјР°СЂС‚С„РѕРЅС‹"
2021-08-19 04:20:11,700 INFO p.SmartphonesPage [main] РќР°Р¶Р°С‚Р° РІС‹РїР°РґР°С€РєР° "РЎРѕСЂС‚РёСЂРѕРІРєР°"
2021-08-19 04:20:15,454 INFO p.SmartphonesPage [main] РЈСЃС‚Р°РЅРѕРІР»РµРЅР° СЃРѕСЂС‚РёСЂРѕРІРєР° - "РЎРЅР°С‡Р°Р»Р° РґРѕСЂРѕРіРёРµ"
2021-08-19 04:20:30,903 INFO p.SmartphonesPage [main] РЈСЃС‚Р°РЅРѕРІР»РµРЅ С„РёР»СЊС‚СЂ "РџСЂРѕРёР·РІРѕРґРёС‚РµР»СЊ" - Samsung
2021-08-19 04:20:43,622 INFO p.SmartphonesPage [main] РћС‚РѕР±СЂР°Р¶РµРЅС‹ Р·РЅР°С‡РµРЅРёСЏ С„РёР»СЊС‚СЂР° "РћР±СЉРµРј РѕРїРµСЂР°С‚РёРІРЅРѕР№ РїР°РјСЏС‚Рё"
2021-08-19 04:20:52,661 INFO p.SmartphonesPage [main] РЈСЃС‚Р°РЅРѕРІР»РµРЅ С„РёР»СЊС‚СЂ "РћР±СЉРµРј РѕРїРµСЂР°С‚РёРІРЅРѕР№ РїР°РјСЏС‚Рё" - 8 Р“Р±
2021-08-19 04:21:31,810 INFO t.BaseTest [main] Р”СЂР°Р№РІРµСЂ СЃС‚Р°СЂС‚РѕРІР°Р»!
2021-08-19 04:21:35,053 INFO p.StartPage [main] РљСѓСЂСЃРѕСЂ РјС‹С€Рё РЅР°РІРµРґРµРЅ РЅР° СЃСЃС‹Р»РєСѓ "РЎРјР°СЂС‚С„РѕРЅС‹"
2021-08-19 04:21:37,807 INFO p.StartPage [main] РќР°Р¶Р°С‚Р° СЃСЃС‹Р»РєР° "РЎРјР°СЂС‚С„РѕРЅС‹"
2021-08-19 04:21:38,120 INFO p.SmartphonesPage [main] РќР°Р¶Р°С‚Р° РІС‹РїР°РґР°С€РєР° "РЎРѕСЂС‚РёСЂРѕРІРєР°"
2021-08-19 04:21:40,950 INFO p.SmartphonesPage [main] РЈСЃС‚Р°РЅРѕРІР»РµРЅР° СЃРѕСЂС‚РёСЂРѕРІРєР° - "РЎРЅР°С‡Р°Р»Р° РґРѕСЂРѕРіРёРµ"
2021-08-19 04:21:47,975 INFO p.SmartphonesPage [main] РЈСЃС‚Р°РЅРѕРІР»РµРЅ С„РёР»СЊС‚СЂ "РџСЂРѕРёР·РІРѕРґРёС‚РµР»СЊ" - Samsung
2021-08-19 04:21:53,346 INFO p.SmartphonesPage [main] РћС‚РѕР±СЂР°Р¶РµРЅС‹ Р·РЅР°С‡РµРЅРёСЏ С„РёР»СЊС‚СЂР° "РћР±СЉРµРј РѕРїРµСЂР°С‚РёРІРЅРѕР№ РїР°РјСЏС‚Рё"
2021-08-19 04:22:01,039 INFO p.SmartphonesPage [main] РЈСЃС‚Р°РЅРѕРІР»РµРЅ С„РёР»СЊС‚СЂ "РћР±СЉРµРј РѕРїРµСЂР°С‚РёРІРЅРѕР№ РїР°РјСЏС‚Рё" - 8 Р“Р±
2021-08-19 04:22:07,395 INFO p.SmartphonesPage [main] РќР°Р¶Р°С‚Р° РєРЅРѕРїРєР° "РџСЂРёРјРµРЅРёС‚СЊ"
2021-08-19 04:22:20,730 INFO p.SmartphonesPage [main] РќР°Р¶Р°С‚Р° СЃСЃС‹Р»РєР° РїРµСЂРІРѕРіРѕ РїСЂРѕРґСѓРєС‚Р° РІ СЃРїРёСЃРєРµ
2021-08-19 04:22:41,402 INFO t.BaseTest [main] Драйвер стартовал!
2021-08-19 04:22:45,112 INFO p.StartPage [main] Курсор мыши наведен на ссылку "Смартфоны"
2021-08-19 04:22:47,974 INFO p.StartPage [main] Нажата ссылка "Смартфоны"
2021-08-19 04:22:48,219 INFO p.SmartphonesPage [main] Нажата выпадашка "Сортировка"
2021-08-19 04:22:48,453 INFO p.SmartphonesPage [main] Установлена сортировка - "Сначала дорогие"
2021-08-19 04:22:49,466 INFO p.SmartphonesPage [main] Установлен фильтр "Производитель" - Samsung
2021-08-19 04:22:49,914 INFO p.SmartphonesPage [main] Отображены значения фильтра "Объем оперативной памяти"
2021-08-19 04:22:50,262 INFO p.SmartphonesPage [main] Установлен фильтр "Объем оперативной памяти" - 8 Гб
2021-08-19 04:22:50,657 INFO p.SmartphonesPage [main] Нажата кнопка "Применить"
2021-08-19 04:22:51,605 INFO t.BaseTest [main] Драйвер остановлен!
2021-08-19 04:23:50,608 INFO t.BaseTest [main] Драйвер стартовал!
2021-08-19 04:23:55,069 INFO p.StartPage [main] Курсор мыши наведен на ссылку "Смартфоны"
2021-08-19 04:23:58,179 INFO p.StartPage [main] Нажата ссылка "Смартфоны"
2021-08-19 04:23:58,699 INFO p.SmartphonesPage [main] Нажата выпадашка "Сортировка"
2021-08-19 04:23:58,951 INFO p.SmartphonesPage [main] Установлена сортировка - "Сначала дорогие"
2021-08-19 04:23:59,471 INFO p.SmartphonesPage [main] Установлен фильтр "Производитель" - Samsung
2021-08-19 04:24:00,538 INFO p.SmartphonesPage [main] Отображены значения фильтра "Объем оперативной памяти"
2021-08-19 04:24:01,090 INFO p.SmartphonesPage [main] Установлен фильтр "Объем оперативной памяти" - 8 Гб
2021-08-19 04:24:01,565 INFO p.SmartphonesPage [main] Нажата кнопка "Применить"
2021-08-19 04:24:09,311 INFO p.SmartphonesPage [main] Нажата ссылка первого продукта в списке
2021-08-19 04:24:09,369 INFO p.SmartphoneProductPage [main] Заголовок страницы: Купить 6.7" Смартфон Samsung Galaxy Z Flip3 256 ГБ бежевый в интернет магазине DNS. Характеристики, цена Samsung Galaxy Z Flip3 | 4845670
2021-08-19 04:24:10,118 INFO t.BaseTest [main] Драйвер остановлен!
2021-08-19 04:49:13,744 INFO t.BaseTest [main] Драйвер стартовал!
2021-08-19 04:49:17,629 INFO p.StartPage [main] Курсор мыши наведен на ссылку "Смартфоны"
2021-08-19 04:49:20,324 INFO p.StartPage [main] Нажата ссылка "Смартфоны"
2021-08-19 04:49:20,922 INFO p.SmartphonesPage [main] Нажата выпадашка "Сортировка"
2021-08-19 04:49:21,118 INFO p.SmartphonesPage [main] Установлена сортировка - "Сначала дорогие"
2021-08-19 04:49:21,645 INFO p.SmartphonesPage [main] Установлен фильтр "Производитель" - Samsung
2021-08-19 04:49:22,435 INFO p.SmartphonesPage [main] Отображены значения фильтра "Объем оперативной памяти"
2021-08-19 04:49:22,863 INFO p.SmartphonesPage [main] Установлен фильтр "Объем оперативной памяти" - 8 Гб
2021-08-19 04:49:23,323 INFO p.SmartphonesPage [main] Нажата кнопка "Применить"
2021-08-19 04:49:24,906 INFO t.BaseTest [main] Драйвер остановлен!
2021-08-19 04:49:38,159 INFO t.BaseTest [main] Драйвер стартовал!
2021-08-19 04:49:41,933 INFO p.StartPage [main] Курсор мыши наведен на ссылку "Смартфоны"
2021-08-19 04:49:44,855 INFO p.StartPage [main] Нажата ссылка "Смартфоны"
2021-08-19 04:49:45,209 INFO p.SmartphonesPage [main] Нажата выпадашка "Сортировка"
2021-08-19 04:49:45,379 INFO p.SmartphonesPage [main] Установлена сортировка - "Сначала дорогие"
2021-08-19 04:49:45,852 INFO p.SmartphonesPage [main] Установлен фильтр "Производитель" - Samsung
2021-08-19 04:49:47,159 INFO p.SmartphonesPage [main] Отображены значения фильтра "Объем оперативной памяти"
2021-08-19 04:49:47,578 INFO p.SmartphonesPage [main] Установлен фильтр "Объем оперативной памяти" - 8 Гб
2021-08-19 04:49:48,030 INFO p.SmartphonesPage [main] Нажата кнопка "Применить"
2021-08-19 04:49:58,889 INFO t.BaseTest [main] Драйвер остановлен!
2021-08-19 04:51:02,517 INFO t.BaseTest [main] Драйвер стартовал!
2021-08-19 04:51:05,978 INFO p.StartPage [main] Курсор мыши наведен на ссылку "Смартфоны"
2021-08-19 04:51:08,801 INFO p.StartPage [main] Нажата ссылка "Смартфоны"
2021-08-19 04:51:09,257 INFO p.SmartphonesPage [main] Нажата выпадашка "Сортировка"
2021-08-19 04:51:09,492 INFO p.SmartphonesPage [main] Установлена сортировка - "Сначала дорогие"
2021-08-19 04:51:10,017 INFO p.SmartphonesPage [main] Установлен фильтр "Производитель" - Samsung
2021-08-19 04:51:10,929 INFO p.SmartphonesPage [main] Отображены значения фильтра "Объем оперативной памяти"
2021-08-19 04:51:11,301 INFO p.SmartphonesPage [main] Установлен фильтр "Объем оперативной памяти" - 8 Гб
2021-08-19 04:51:11,791 INFO p.SmartphonesPage [main] Нажата кнопка "Применить"
2021-08-19 04:51:12,998 INFO t.BaseTest [main] Драйвер остановлен!
2021-08-19 04:51:24,529 INFO t.BaseTest [main] Драйвер стартовал!
2021-08-19 04:51:28,375 INFO p.StartPage [main] Курсор мыши наведен на ссылку "Смартфоны"
2021-08-19 04:51:31,054 INFO p.StartPage [main] Нажата ссылка "Смартфоны"
2021-08-19 04:51:31,488 INFO p.SmartphonesPage [main] Нажата выпадашка "Сортировка"
2021-08-19 04:51:31,669 INFO p.SmartphonesPage [main] Установлена сортировка - "Сначала дорогие"
2021-08-19 04:51:32,086 INFO p.SmartphonesPage [main] Установлен фильтр "Производитель" - Samsung
2021-08-19 04:51:32,825 INFO p.SmartphonesPage [main] Отображены значения фильтра "Объем оперативной памяти"
2021-08-19 04:51:33,157 INFO p.SmartphonesPage [main] Установлен фильтр "Объем оперативной памяти" - 8 Гб
2021-08-19 04:51:33,602 INFO p.SmartphonesPage [main] Нажата кнопка "Применить"
2021-08-19 04:51:44,409 INFO t.BaseTest [main] Драйвер остановлен!
2021-08-19 04:52:13,889 INFO t.BaseTest [main] Драйвер стартовал!
2021-08-19 04:52:17,410 INFO p.StartPage [main] Курсор мыши наведен на ссылку "Смартфоны"
2021-08-19 04:52:20,316 INFO p.StartPage [main] Нажата ссылка "Смартфоны"
2021-08-19 04:52:20,616 INFO p.SmartphonesPage [main] Нажата выпадашка "Сортировка"
2021-08-19 04:52:20,851 INFO p.SmartphonesPage [main] Установлена сортировка - "Сначала дорогие"
2021-08-19 04:52:21,264 INFO p.SmartphonesPage [main] Установлен фильтр "Производитель" - Samsung
2021-08-19 04:52:22,015 INFO p.SmartphonesPage [main] Отображены значения фильтра "Объем оперативной памяти"
2021-08-19 04:52:22,454 INFO p.SmartphonesPage [main] Установлен фильтр "Объем оперативной памяти" - 8 Гб
2021-08-19 04:52:22,955 INFO p.SmartphonesPage [main] Нажата кнопка "Применить"
2021-08-19 04:52:23,987 INFO t.BaseTest [main] Драйвер остановлен!
2021-08-19 04:53:37,479 INFO t.BaseTest [main] Драйвер стартовал!
2021-08-19 04:53:41,899 INFO p.StartPage [main] Курсор мыши наведен на ссылку "Смартфоны"
2021-08-19 04:53:44,637 INFO p.StartPage [main] Нажата ссылка "Смартфоны"
2021-08-19 04:53:45,007 INFO p.SmartphonesPage [main] Нажата выпадашка "Сортировка"
2021-08-19 04:53:45,207 INFO p.SmartphonesPage [main] Установлена сортировка - "Сначала дорогие"
2021-08-19 04:53:46,341 INFO p.SmartphonesPage [main] Установлен фильтр "Производитель" - Samsung
2021-08-19 04:53:46,821 INFO p.SmartphonesPage [main] Отображены значения фильтра "Объем оперативной памяти"
2021-08-19 04:53:47,144 INFO p.SmartphonesPage [main] Установлен фильтр "Объем оперативной памяти" - 8 Гб
2021-08-19 04:53:47,557 INFO p.SmartphonesPage [main] Нажата кнопка "Применить"
2021-08-19 04:53:53,622 INFO p.SmartphonesPage [main] Нажата ссылка первого продукта в списке
2021-08-19 04:53:53,637 INFO p.SmartphoneProductPage [main] Заголовок страницы: Купить 6.7" Смартфон Samsung Galaxy Z Flip3 256 ГБ бежевый в интернет магазине DNS. Характеристики, цена Samsung Galaxy Z Flip3 | 4845670
2021-08-19 04:53:54,483 INFO t.BaseTest [main] Драйвер остановлен!
2021-08-19 15:27:41,866 INFO t.BaseTest [main] Драйвер стартовал!
2021-08-19 15:27:47,583 INFO t.BaseTest [main] Драйвер остановлен!
2021-08-19 15:29:07,899 INFO t.BaseTest [main] Драйвер стартовал!
2021-08-19 15:29:12,916 INFO t.BaseTest [main] Драйвер остановлен!
2021-08-19 15:39:20,642 INFO t.BaseTest [main] Драйвер стартовал!
2021-08-19 15:39:24,815 INFO p.StartPage [main] Курсор мыши наведен на ссылку "Смартфоны"
2021-08-19 15:39:29,423 INFO p.StartPage [main] Нажата ссылка "Смартфоны"
2021-08-19 15:39:29,903 INFO p.SmartphonesPage [main] Нажата выпадашка "Сортировка"
2021-08-19 15:39:30,381 INFO p.SmartphonesPage [main] Установлена сортировка - "Сначала дорогие"
2021-08-19 15:39:34,550 INFO t.BaseTest [main] Драйвер остановлен!
2021-08-19 15:40:30,705 INFO t.BaseTest [main] Р”СЂР°Р№РІРµСЂ СЃС‚Р°СЂС‚РѕРІР°Р»!
2021-08-19 15:40:35,591 INFO p.StartPage [main] РљСѓСЂСЃРѕСЂ РјС‹С€Рё РЅР°РІРµРґРµРЅ РЅР° СЃСЃС‹Р»РєСѓ "РЎРјР°СЂС‚С„РѕРЅС‹"
2021-08-19 15:40:39,909 INFO p.StartPage [main] РќР°Р¶Р°С‚Р° СЃСЃС‹Р»РєР° "РЎРјР°СЂС‚С„РѕРЅС‹"
2021-08-19 15:40:40,480 INFO p.SmartphonesPage [main] РќР°Р¶Р°С‚Р° РІС‹РїР°РґР°С€РєР° "РЎРѕСЂС‚РёСЂРѕРІРєР°"
2021-08-19 15:40:57,639 INFO p.SmartphonesPage [main] РЈСЃС‚Р°РЅРѕРІР»РµРЅР° СЃРѕСЂС‚РёСЂРѕРІРєР° - "РЎРЅР°С‡Р°Р»Р° РґРѕСЂРѕРіРёРµ"
2021-08-19 15:41:14,931 INFO t.BaseTest [main] Р”СЂР°Р№РІРµСЂ РѕСЃС‚Р°РЅРѕРІР»РµРЅ!
2021-08-19 15:41:59,006 INFO t.BaseTest [main] Р”СЂР°Р№РІРµСЂ СЃС‚Р°СЂС‚РѕРІР°Р»!
2021-08-19 15:42:04,439 INFO p.StartPage [main] РљСѓСЂСЃРѕСЂ РјС‹С€Рё РЅР°РІРµРґРµРЅ РЅР° СЃСЃС‹Р»РєСѓ "РЎРјР°СЂС‚С„РѕРЅС‹"
2021-08-19 15:42:08,562 INFO p.StartPage [main] РќР°Р¶Р°С‚Р° СЃСЃС‹Р»РєР° "РЎРјР°СЂС‚С„РѕРЅС‹"
2021-08-19 15:42:09,455 INFO p.SmartphonesPage [main] РќР°Р¶Р°С‚Р° РІС‹РїР°РґР°С€РєР° "РЎРѕСЂС‚РёСЂРѕРІРєР°"
2021-08-19 15:42:09,835 INFO p.SmartphonesPage [main] РЈСЃС‚Р°РЅРѕРІР»РµРЅР° СЃРѕСЂС‚РёСЂРѕРІРєР° - "РЎРЅР°С‡Р°Р»Р° РґРѕСЂРѕРіРёРµ"
2021-08-19 15:42:46,201 INFO t.BaseTest [main] Р”СЂР°Р№РІРµСЂ РѕСЃС‚Р°РЅРѕРІР»РµРЅ!
2021-08-19 15:43:34,745 INFO t.BaseTest [main] Р”СЂР°Р№РІРµСЂ СЃС‚Р°СЂС‚РѕРІР°Р»!
2021-08-19 15:43:39,563 INFO p.StartPage [main] РљСѓСЂСЃРѕСЂ РјС‹С€Рё РЅР°РІРµРґРµРЅ РЅР° СЃСЃС‹Р»РєСѓ "РЎРјР°СЂС‚С„РѕРЅС‹"
2021-08-19 15:43:43,886 INFO p.StartPage [main] РќР°Р¶Р°С‚Р° СЃСЃС‹Р»РєР° "РЎРјР°СЂС‚С„РѕРЅС‹"
2021-08-19 15:43:44,764 INFO p.SmartphonesPage [main] РќР°Р¶Р°С‚Р° РІС‹РїР°РґР°С€РєР° "РЎРѕСЂС‚РёСЂРѕРІРєР°"
2021-08-19 15:43:45,148 INFO p.SmartphonesPage [main] РЈСЃС‚Р°РЅРѕРІР»РµРЅР° СЃРѕСЂС‚РёСЂРѕРІРєР° - "РЎРЅР°С‡Р°Р»Р° РґРѕСЂРѕРіРёРµ"
2021-08-19 15:44:27,544 INFO t.BaseTest [main] Р”СЂР°Р№РІРµСЂ РѕСЃС‚Р°РЅРѕРІР»РµРЅ!
2021-08-19 15:44:54,823 INFO t.BaseTest [main] Р”СЂР°Р№РІРµСЂ СЃС‚Р°СЂС‚РѕРІР°Р»!
2021-08-19 15:45:43,576 INFO t.BaseTest [main] Р”СЂР°Р№РІРµСЂ СЃС‚Р°СЂС‚РѕРІР°Р»!
2021-08-19 15:45:48,092 INFO p.StartPage [main] РљСѓСЂСЃРѕСЂ РјС‹С€Рё РЅР°РІРµРґРµРЅ РЅР° СЃСЃС‹Р»РєСѓ "РЎРјР°СЂС‚С„РѕРЅС‹"
2021-08-19 15:45:52,124 INFO p.StartPage [main] РќР°Р¶Р°С‚Р° СЃСЃС‹Р»РєР° "РЎРјР°СЂС‚С„РѕРЅС‹"
2021-08-19 15:45:52,937 INFO p.SmartphonesPage [main] РќР°Р¶Р°С‚Р° РІС‹РїР°РґР°С€РєР° "РЎРѕСЂС‚РёСЂРѕРІРєР°"
2021-08-19 15:45:53,360 INFO p.SmartphonesPage [main] РЈСЃС‚Р°РЅРѕРІР»РµРЅР° СЃРѕСЂС‚РёСЂРѕРІРєР° - "РЎРЅР°С‡Р°Р»Р° РґРѕСЂРѕРіРёРµ"
2021-08-19 15:47:43,333 INFO t.BaseTest [main] Р”СЂР°Р№РІРµСЂ РѕСЃС‚Р°РЅРѕРІР»РµРЅ!
2021-08-19 15:48:51,375 INFO t.BaseTest [main] Р”СЂР°Р№РІРµСЂ СЃС‚Р°СЂС‚РѕРІР°Р»!
2021-08-19 15:48:56,310 INFO p.StartPage [main] РљСѓСЂСЃРѕСЂ РјС‹С€Рё РЅР°РІРµРґРµРЅ РЅР° СЃСЃС‹Р»РєСѓ "РЎРјР°СЂС‚С„РѕРЅС‹"
2021-08-19 15:49:00,642 INFO p.StartPage [main] РќР°Р¶Р°С‚Р° СЃСЃС‹Р»РєР° "РЎРјР°СЂС‚С„РѕРЅС‹"
2021-08-19 15:49:01,198 INFO p.SmartphonesPage [main] РќР°Р¶Р°С‚Р° РІС‹РїР°РґР°С€РєР° "РЎРѕСЂС‚РёСЂРѕРІРєР°"
2021-08-19 15:49:01,641 INFO p.SmartphonesPage [main] РЈСЃС‚Р°РЅРѕРІР»РµРЅР° СЃРѕСЂС‚РёСЂРѕРІРєР° - "РЎРЅР°С‡Р°Р»Р° РґРѕСЂРѕРіРёРµ"
2021-08-19 15:49:17,643 INFO t.BaseTest [main] Р”СЂР°Р№РІРµСЂ РѕСЃС‚Р°РЅРѕРІР»РµРЅ!
2021-08-19 15:51:46,796 INFO t.BaseTest [main] Драйвер стартовал!
2021-08-19 15:51:51,876 INFO p.StartPage [main] Курсор мыши наведен на ссылку "Смартфоны"
2021-08-19 15:51:56,655 INFO p.StartPage [main] Нажата ссылка "Смартфоны"
2021-08-19 15:51:57,354 INFO p.SmartphonesPage [main] Нажата выпадашка "Сортировка"
2021-08-19 15:51:57,722 INFO p.SmartphonesPage [main] Установлена сортировка - "Сначала дорогие"
2021-08-19 15:52:00,099 INFO p.SmartphonesPage [main] Установлен фильтр "Производитель" - Samsung
2021-08-19 15:52:00,580 INFO p.SmartphonesPage [main] Отображены значения фильтра "Объем оперативной памяти"
2021-08-19 15:52:01,262 INFO p.SmartphonesPage [main] Установлен фильтр "Объем оперативной памяти" - 8 Гб
2021-08-19 15:52:01,949 INFO p.SmartphonesPage [main] Нажата кнопка "Применить"
2021-08-19 15:52:09,128 INFO p.SmartphonesPage [main] Нажата ссылка первого продукта в списке
2021-08-19 15:52:09,165 INFO p.SmartphoneProductPage [main] Заголовок страницы: Купить 6.7" Смартфон Samsung Galaxy Z Flip3 256 ГБ бежевый в интернет магазине DNS. Характеристики, цена Samsung Galaxy Z Flip3 | 4845670
2021-08-19 15:52:10,168 INFO t.BaseTest [main] Драйвер остановлен!
2021-09-02 02:51:58,733 INFO t.BaseTest [main] Драйвер стартовал!
2021-09-02 02:52:03,016 INFO p.StartPage [main] Курсор мыши наведен на ссылку "Смартфоны"
2021-09-02 02:52:06,559 INFO p.StartPage [main] Нажата ссылка "Смартфоны"
2021-09-02 02:52:07,354 INFO p.SmartphonesPage [main] Нажата выпадашка "Сортировка"
2021-09-02 02:52:07,621 INFO p.SmartphonesPage [main] Установлена сортировка - "Сначала дорогие"
2021-09-02 02:52:09,266 INFO p.SmartphonesPage [main] Установлен фильтр "Производитель" - Samsung
2021-09-02 02:52:09,778 INFO p.SmartphonesPage [main] Отображены значения фильтра "Объем оперативной памяти"
2021-09-02 02:52:10,236 INFO p.SmartphonesPage [main] Установлен фильтр "Объем оперативной памяти" - 8 Гб
2021-09-02 02:52:10,780 INFO p.SmartphonesPage [main] Нажата кнопка "Применить"
2021-09-02 02:52:17,588 INFO p.SmartphonesPage [main] Нажата ссылка первого продукта в списке
2021-09-02 02:52:17,605 INFO p.SmartphoneProductPage [main] Заголовок страницы: Купить 6.7" Смартфон Samsung Galaxy Z Flip3 256 ГБ бежевый в интернет магазине DNS. Характеристики, цена Samsung Galaxy Z Flip3 | 4845670
2021-09-02 02:52:18,851 INFO t.BaseTest [main] Драйвер остановлен!
2021-09-02 03:28:26,313 INFO t.BaseTest [main] Драйвер стартовал!
2021-09-02 03:28:30,675 INFO p.StartPage [main] Курсор мыши наведен на ссылку "Смартфоны"
2021-09-02 03:28:34,947 INFO p.StartPage [main] Нажата ссылка "Смартфоны"
2021-09-02 03:28:35,572 INFO p.SmartphonesPage [main] Нажата выпадашка "Сортировка"
2021-09-02 03:28:35,977 INFO p.SmartphonesPage [main] Установлена сортировка - "Сначала дорогие"
2021-09-02 03:28:37,812 INFO p.SmartphonesPage [main] Установлен фильтр "Производитель" - Samsung
2021-09-02 03:28:38,269 INFO p.SmartphonesPage [main] Отображены значения фильтра "Объем оперативной памяти"
2021-09-02 03:28:42,259 INFO t.BaseTest [main] Драйвер остановлен!
2021-09-02 03:29:49,032 INFO t.BaseTest [main] Драйвер стартовал!
2021-09-02 03:29:53,377 INFO p.StartPage [main] Курсор мыши наведен на ссылку "Смартфоны"
2021-09-02 03:29:57,154 INFO p.StartPage [main] Нажата ссылка "Смартфоны"
2021-09-02 03:29:58,028 INFO p.SmartphonesPage [main] Нажата выпадашка "Сортировка"
2021-09-02 03:29:58,344 INFO p.SmartphonesPage [main] Установлена сортировка - "Сначала дорогие"
2021-09-02 03:30:00,196 INFO p.SmartphonesPage [main] Установлен фильтр "Производитель" - Samsung
2021-09-02 03:30:00,672 INFO p.SmartphonesPage [main] Отображены значения фильтра "Объем оперативной памяти"
2021-09-02 03:30:01,198 INFO p.SmartphonesPage [main] Установлен фильтр "Объем оперативной памяти" - 8 Гб
2021-09-02 03:30:01,798 INFO p.SmartphonesPage [main] Нажата кнопка "Применить"
2021-09-02 03:30:08,598 INFO p.SmartphonesPage [main] Нажата ссылка первого продукта в списке
2021-09-02 03:30:08,615 INFO p.SmartphoneProductPage [main] Заголовок страницы: Купить 6.7" Смартфон Samsung Galaxy Z Flip3 256 ГБ бежевый в интернет магазине DNS. Характеристики, цена Samsung Galaxy Z Flip3 | 4845670
2021-09-02 03:30:09,597 INFO t.BaseTest [main] Драйвер остановлен!
2021-09-02 03:50:51,215 INFO t.BaseTest [main] Драйвер стартовал!
2021-09-02 03:50:55,979 INFO p.StartPage [main] Курсор мыши наведен на ссылку "Смартфоны"
2021-09-02 03:51:00,233 INFO p.StartPage [main] Нажата ссылка "Смартфоны"
2021-09-02 03:51:00,830 INFO p.SmartphonesPage [main] Нажата выпадашка "Сортировка"
2021-09-02 03:51:01,203 INFO p.SmartphonesPage [main] Установлена сортировка - "Сначала дорогие"
2021-09-02 03:51:03,040 INFO p.SmartphonesPage [main] Установлен фильтр "Производитель" - Samsung
2021-09-02 03:51:03,791 INFO p.SmartphonesPage [main] Отображены значения фильтра "Объем оперативной памяти"
2021-09-02 03:51:04,326 INFO p.SmartphonesPage [main] Установлен фильтр "Объем оперативной памяти" - 8 Гб
2021-09-02 03:51:04,900 INFO p.SmartphonesPage [main] Нажата кнопка "Применить"
2021-09-02 03:51:11,821 INFO p.SmartphonesPage [main] Нажата ссылка первого продукта в списке
2021-09-02 03:51:11,839 INFO p.SmartphoneProductPage [main] Заголовок страницы: Купить 6.7" Смартфон Samsung Galaxy Z Flip3 256 ГБ бежевый в интернет магазине DNS. Характеристики, цена Samsung Galaxy Z Flip3 | 4845670
2021-09-02 03:51:13,165 INFO t.BaseTest [main] Драйвер остановлен!
2021-09-02 03:53:01,959 INFO t.BaseTest [main] Драйвер стартовал!
2021-09-02 03:53:06,666 INFO p.StartPage [main] Курсор мыши наведен на ссылку "Смартфоны"
2021-09-02 03:53:10,519 INFO p.StartPage [main] Нажата ссылка "Смартфоны"
2021-09-02 03:53:11,384 INFO p.SmartphonesPage [main] Нажата выпадашка "Сортировка"
2021-09-02 03:53:11,695 INFO p.SmartphonesPage [main] Установлена сортировка - "Сначала дорогие"
2021-09-02 03:53:13,607 INFO p.SmartphonesPage [main] Установлен фильтр "Производитель" - Samsung
2021-09-02 03:53:14,088 INFO p.SmartphonesPage [main] Отображены значения фильтра "Объем оперативной памяти"
2021-09-02 03:53:14,779 INFO p.SmartphonesPage [main] Установлен фильтр "Объем оперативной памяти" - 8 Гб
2021-09-02 03:53:15,359 INFO p.SmartphonesPage [main] Нажата кнопка "Применить"
2021-09-02 03:53:23,163 INFO p.SmartphonesPage [main] Нажата ссылка первого продукта в списке
2021-09-02 03:53:23,179 INFO p.SmartphoneProductPage [main] Заголовок страницы: Купить 6.7" Смартфон Samsung Galaxy Z Flip3 256 ГБ бежевый в интернет магазине DNS. Характеристики, цена Samsung Galaxy Z Flip3 | 4845670
2021-09-02 03:53:24,080 INFO t.BaseTest [main] Драйвер остановлен!
2021-09-02 05:16:23,916 INFO t.BaseTest [main] Драйвер стартовал!
2021-09-02 05:16:28,482 INFO p.StartPage [main] Курсор мыши наведен на ссылку "Смартфоны"
2021-09-02 05:16:32,489 INFO p.StartPage [main] Нажата ссылка "Смартфоны"
2021-09-02 05:16:33,302 INFO p.SmartphonesPage [main] Нажата выпадашка "Сортировка"
2021-09-02 05:16:33,654 INFO p.SmartphonesPage [main] Установлена сортировка - "Сначала дорогие"
2021-09-02 05:16:35,562 INFO p.SmartphonesPage [main] Установлен фильтр "Производитель" - Samsung
2021-09-02 05:16:36,143 INFO p.SmartphonesPage [main] Отображены значения фильтра "Объем оперативной памяти"
2021-09-02 05:16:36,756 INFO p.SmartphonesPage [main] Установлен фильтр "Объем оперативной памяти" - 8 Гб
2021-09-02 05:16:37,751 INFO p.SmartphonesPage [main] Нажата кнопка "Применить"
2021-09-02 05:16:44,586 INFO p.SmartphonesPage [main] Нажата ссылка первого продукта в списке
2021-09-02 05:16:44,602 INFO p.SmartphoneProductPage [main] Заголовок страницы: Купить 6.7" Смартфон Samsung Galaxy Z Flip3 256 ГБ бежевый в интернет магазине DNS. Характеристики, цена Samsung Galaxy Z Flip3 | 4845670
2021-09-02 05:16:45,900 INFO t.BaseTest [main] Драйвер остановлен!
2021-09-02 06:31:29,161 INFO w.WebDriverFactory [main] Драйвер браузера Google Chrome
2021-09-02 06:31:32,535 INFO t.BaseTest2 [main] Драйвер запущен!
2021-09-02 06:31:36,082 INFO p.StartPage [main] Курсор мыши наведен на ссылку "Смартфоны"
2021-09-02 06:31:39,340 INFO p.StartPage [main] Нажата ссылка "Смартфоны"
2021-09-02 06:31:39,597 INFO p.SmartphonesPage [main] Нажата выпадашка "Сортировка"
2021-09-02 06:31:39,792 INFO p.SmartphonesPage [main] Установлена сортировка - "Сначала дорогие"
2021-09-02 06:31:40,270 INFO p.SmartphonesPage [main] Установлен фильтр "Производитель" - Samsung
2021-09-02 06:31:41,187 INFO p.SmartphonesPage [main] Отображены значения фильтра "Объем оперативной памяти"
2021-09-02 06:31:41,539 INFO p.SmartphonesPage [main] Установлен фильтр "Объем оперативной памяти" - 8 Гб
2021-09-02 06:31:42,042 INFO p.SmartphonesPage [main] Нажата кнопка "Применить"
2021-09-02 06:31:48,643 INFO p.SmartphonesPage [main] Нажата ссылка первого продукта в списке
2021-09-02 06:31:48,651 INFO p.SmartphoneProductPage [main] Заголовок страницы: Купить 6.7" Смартфон Samsung Galaxy Z Flip3 256 ГБ бежевый в интернет магазине DNS. Характеристики, цена Samsung Galaxy Z Flip3 | 4845670
2021-09-02 06:31:49,434 INFO t.BaseTest2 [main] Драйвер остановлен!
2021-09-02 06:33:29,267 INFO w.WebDriverFactory [main] Драйвер браузера Google Chrome
2021-09-02 06:33:32,205 INFO t.BaseTest2 [main] Драйвер запущен!
2021-09-02 06:33:35,152 INFO p.StartPage [main] Курсор мыши наведен на ссылку "Смартфоны"
2021-09-02 06:33:37,799 INFO p.StartPage [main] Нажата ссылка "Смартфоны"
2021-09-02 06:33:38,268 INFO p.SmartphonesPage [main] Нажата выпадашка "Сортировка"
2021-09-02 06:33:38,523 INFO p.SmartphonesPage [main] Установлена сортировка - "Сначала дорогие"
2021-09-02 06:33:38,911 INFO p.SmartphonesPage [main] Установлен фильтр "Производитель" - Samsung
2021-09-02 06:33:39,479 INFO p.SmartphonesPage [main] Отображены значения фильтра "Объем оперативной памяти"
2021-09-02 06:33:40,142 INFO p.SmartphonesPage [main] Установлен фильтр "Объем оперативной памяти" - 8 Гб
2021-09-02 06:33:40,559 INFO p.SmartphonesPage [main] Нажата кнопка "Применить"
2021-09-02 06:33:45,819 INFO p.SmartphonesPage [main] Нажата ссылка первого продукта в списке
2021-09-02 06:33:45,839 INFO p.SmartphoneProductPage [main] Заголовок страницы: Купить 6.7" Смартфон Samsung Galaxy Z Flip3 256 ГБ бежевый в интернет магазине DNS. Характеристики, цена Samsung Galaxy Z Flip3 | 4845670
2021-09-02 06:33:47,172 INFO t.BaseTest2 [main] Драйвер остановлен!
2021-09-02 06:37:14,615 INFO w.WebDriverFactory [main] Драйвер браузера Google Chrome
2021-09-02 06:37:17,593 INFO t.BaseTest2 [main] Драйвер запущен!
2021-09-02 06:37:20,908 INFO p.StartPage [main] Курсор мыши наведен на ссылку "Смартфоны"
2021-09-02 06:37:23,842 INFO p.StartPage [main] Нажата ссылка "Смартфоны"
2021-09-02 06:37:24,170 INFO p.SmartphonesPage [main] Нажата выпадашка "Сортировка"
2021-09-02 06:37:24,413 INFO p.SmartphonesPage [main] Установлена сортировка - "Сначала дорогие"
2021-09-02 06:37:25,232 INFO p.SmartphonesPage [main] Установлен фильтр "Производитель" - Samsung
2021-09-02 06:37:25,851 INFO p.SmartphonesPage [main] Отображены значения фильтра "Объем оперативной памяти"
2021-09-02 06:37:26,212 INFO p.SmartphonesPage [main] Установлен фильтр "Объем оперативной памяти" - 8 Гб
2021-09-02 06:37:26,643 INFO p.SmartphonesPage [main] Нажата кнопка "Применить"
2021-09-02 06:37:33,311 INFO p.SmartphonesPage [main] Нажата ссылка первого продукта в списке
2021-09-02 06:37:33,318 INFO p.SmartphoneProductPage [main] Заголовок страницы: Купить 6.7" Смартфон Samsung Galaxy Z Flip3 256 ГБ бежевый в интернет магазине DNS. Характеристики, цена Samsung Galaxy Z Flip3 | 4845670
2021-09-02 06:37:34,068 INFO t.BaseTest2 [main] Драйвер остановлен!
2021-09-02 07:09:00,402 INFO w.WebDriverFactory [main] Р”СЂР°Р№РІРµСЂ Р±СЂР°СѓР·РµСЂР° Google Chrome
2021-09-02 07:09:05,455 INFO t.BaseTest2 [main] Р”СЂР°Р№РІРµСЂ Р·Р°РїСѓС‰РµРЅ!
2021-09-02 07:13:43,526 INFO w.WebDriverFactory [main] Р”СЂР°Р№РІРµСЂ Р±СЂР°СѓР·РµСЂР° Google Chrome
2021-09-02 07:14:15,156 INFO t.BaseTest2 [main] Р”СЂР°Р№РІРµСЂ Р·Р°РїСѓС‰РµРЅ!
2021-09-02 07:14:21,813 INFO p.StartPage [main] РљСѓСЂСЃРѕСЂ РјС‹С€Рё РЅР°РІРµРґРµРЅ РЅР° СЃСЃС‹Р»РєСѓ "РЎРјР°СЂС‚С„РѕРЅС‹"
2021-09-07 13:06:07,809 INFO w.WebDriverFactory [main] Драйвер браузера Google Chrome
2021-09-07 13:06:24,800 INFO t.BaseTest2 [main] Драйвер запущен!
2021-09-07 13:06:29,258 INFO p.StartPage [main] Курсор мыши наведен на ссылку "Смартфоны"
2021-09-07 13:06:33,242 INFO p.StartPage [main] Нажата ссылка "Смартфоны"
2021-09-07 13:06:33,984 INFO p.SmartphonesPage [main] Нажата выпадашка "Сортировка"
2021-09-07 13:06:34,481 INFO p.SmartphonesPage [main] Установлена сортировка - "Сначала дорогие"
2021-09-07 13:06:36,192 INFO p.SmartphonesPage [main] Установлен фильтр "Производитель" - Samsung
2021-09-07 13:06:36,825 INFO p.SmartphonesPage [main] Отображены значения фильтра "Объем оперативной памяти"
2021-09-07 13:06:37,315 INFO p.SmartphonesPage [main] Установлен фильтр "Объем оперативной памяти" - 8 Гб
2021-09-07 13:06:37,912 INFO p.SmartphonesPage [main] Нажата кнопка "Применить"
2021-09-07 13:06:45,038 INFO p.SmartphonesPage [main] Нажата ссылка первого продукта в списке
2021-09-07 13:06:45,054 INFO p.SmartphoneProductPage [main] Заголовок страницы: Купить 6.7" Смартфон Samsung Galaxy Z Flip3 256 ГБ бежевый в интернет магазине DNS. Характеристики, цена Samsung Galaxy Z Flip3 | 4845670
2021-09-07 13:06:46,492 INFO t.BaseTest2 [main] Драйвер остановлен!
2021-09-07 13:47:03,754 INFO w.WebDriverFactory [main] Драйвер браузера Google Chrome
2021-09-07 13:47:07,901 INFO t.BaseTest2 [main] Драйвер запущен!
2021-09-07 13:47:11,681 INFO s.StartPageSteps [main] Открыта страница [Стартовая страница DNS]
2021-09-07 13:47:12,153 INFO p.StartPage [main] Курсор мыши наведен на ссылку "Смартфоны"
2021-09-07 13:47:16,543 INFO p.StartPage [main] Нажата ссылка "Смартфоны"
2021-09-07 13:47:16,548 INFO s.SmartphonesPageSteps [main] Открыта страница [Смартфоны]
2021-09-07 13:47:17,226 INFO p.SmartphonesPage [main] Нажата выпадашка "Сортировка"
2021-09-07 13:47:17,553 INFO p.SmartphonesPage [main] Установлена сортировка - "Сначала дорогие"
2021-09-07 13:47:18,500 INFO p.SmartphonesPage [main] Установлен фильтр "Производитель" - Samsung
2021-09-07 13:47:19,396 INFO p.SmartphonesPage [main] Отображены значения фильтра "Объем оперативной памяти"
2021-09-07 13:47:20,195 INFO p.SmartphonesPage [main] Установлен фильтр "Объем оперативной памяти" - 8 Гб
2021-09-07 13:47:20,956 INFO p.SmartphonesPage [main] Нажата кнопка "Применить"
2021-09-07 13:47:27,944 INFO p.SmartphonesPage [main] Нажата ссылка первого продукта в списке
2021-09-07 13:47:27,944 INFO s.SmartphoneProductPageSteps [main] Открыта страница [Продукт. Смартфон]
2021-09-07 13:47:27,968 INFO p.SmartphoneProductPage [main] Заголовок страницы: Купить 6.7" Смартфон Samsung Galaxy Z Flip3 256 ГБ бежевый в интернет магазине DNS. Характеристики, цена Samsung Galaxy Z Flip3 | 4845670
2021-09-07 13:47:29,535 INFO t.BaseTest2 [main] Драйвер остановлен!
